2020-01-24 10:30:28.698  INFO 10216 --- [main] com.example.virus.VirusApplication       : Starting VirusApplication on DESKTOP-C2N1ASG with PID 10216 (D:\source\virus\virus\out\production\classes started by 17680 in D:\source\virus\virus)
2020-01-24 10:30:28.716  INFO 10216 --- [main] com.example.virus.VirusApplication       : No active profile set, falling back to default profiles: default
2020-01-24 10:30:31.108  INFO 10216 --- [main] .s.d.r.c.RepositoryConfigurationDelegate : Bootstrapping Spring Data repositories in DEFAULT mode.
2020-01-24 10:30:31.141  INFO 10216 --- [main] .s.d.r.c.RepositoryConfigurationDelegate : Finished Spring Data repository scanning in 17ms. Found 0 repository interfaces.
2020-01-24 10:30:33.928  INFO 10216 --- [main] o.s.b.w.embedded.tomcat.TomcatWebServer  : Tomcat initialized with port(s): 8081 (http)
2020-01-24 10:30:33.981  INFO 10216 --- [main] o.apache.catalina.core.StandardService   : Starting service [Tomcat]
2020-01-24 10:30:33.982  INFO 10216 --- [main] org.apache.catalina.core.StandardEngine  : Starting Servlet engine: [Apache Tomcat/9.0.26]
2020-01-24 10:30:34.002  INFO 10216 --- [main] o.a.catalina.core.AprLifecycleListener   : Loaded APR based Apache Tomcat Native library [1.2.23] using APR version [1.7.0].
2020-01-24 10:30:34.003  INFO 10216 --- [main] o.a.catalina.core.AprLifecycleListener   : APR capabilities: IPv6 [true], sendfile [true], accept filters [false], random [true].
2020-01-24 10:30:34.004  INFO 10216 --- [main] o.a.catalina.core.AprLifecycleListener   : APR/OpenSSL configuration: useAprConnector [false], useOpenSSL [true]
2020-01-24 10:30:34.021  INFO 10216 --- [main] o.a.catalina.core.AprLifecycleListener   : OpenSSL successfully initialized [OpenSSL 1.1.1c  28 May 2019]
2020-01-24 10:30:34.288  INFO 10216 --- [main] o.a.c.c.C.[Tomcat].[localhost].[/]       : Initializing Spring embedded WebApplicationContext
2020-01-24 10:30:34.288  INFO 10216 --- [main] o.s.web.context.ContextLoader            : Root WebApplicationContext: initialization completed in 5436 ms
2020-01-24 10:30:35.060  INFO 10216 --- [main] org.mongodb.driver.cluster               : Cluster created with settings {hosts=[localhost:27017], mode=SINGLE, requiredClusterType=UNKNOWN, serverSelectionTimeout='30000 ms', maxWaitQueueSize=500}
2020-01-24 10:30:35.154  INFO 10216 --- [cluster-ClusterId{value='5e2a56cb319b2e690da0c382', description='null'}-localhost:27017] org.mongodb.driver.connection            : Opened connection [connectionId{localValue:1, serverValue:1}] to localhost:27017
2020-01-24 10:30:35.163  INFO 10216 --- [cluster-ClusterId{value='5e2a56cb319b2e690da0c382', description='null'}-localhost:27017] org.mongodb.driver.cluster               : Monitor thread successfully connected to server with description ServerDescription{address=localhost:27017, type=STANDALONE, state=CONNECTED, ok=true, version=ServerVersion{versionList=[4, 2, 1]}, minWireVersion=0, maxWireVersion=8, maxDocumentSize=16777216, logicalSessionTimeoutMinutes=30, roundTripTimeNanos=5196900}
2020-01-24 10:30:35.295  WARN 10216 --- [main] o.s.data.convert.CustomConversions       : Registering converter from class java.time.LocalDateTime to class java.time.Instant as reading converter although it doesn't convert from a store-supported type! You might wanna check you annotation setup at the converter implementation.
2020-01-24 10:30:35.296  WARN 10216 --- [main] o.s.data.convert.CustomConversions       : Registering converter from class java.time.Instant to class java.time.LocalDateTime as reading converter although it doesn't convert from a store-supported type! You might wanna check you annotation setup at the converter implementation.
2020-01-24 10:30:36.040  INFO 10216 --- [main] o.s.s.concurrent.ThreadPoolTaskExecutor  : Initializing ExecutorService 'applicationTaskExecutor'
2020-01-24 10:30:36.424  INFO 10216 --- [main] org.mongodb.driver.cluster               : Cluster created with settings {hosts=[localhost:27017], mode=SINGLE, requiredClusterType=UNKNOWN, serverSelectionTimeout='30000 ms', maxWaitQueueSize=500}
2020-01-24 10:30:36.450  WARN 10216 --- [main] o.s.data.convert.CustomConversions       : Registering converter from class java.time.LocalDateTime to class java.time.Instant as reading converter although it doesn't convert from a store-supported type! You might wanna check you annotation setup at the converter implementation.
2020-01-24 10:30:36.451  WARN 10216 --- [main] o.s.data.convert.CustomConversions       : Registering converter from class java.time.Instant to class java.time.LocalDateTime as reading converter although it doesn't convert from a store-supported type! You might wanna check you annotation setup at the converter implementation.
2020-01-24 10:30:36.460  INFO 10216 --- [cluster-ClusterId{value='5e2a56cc319b2e690da0c383', description='null'}-localhost:27017] org.mongodb.driver.connection            : Opened connection [connectionId{localValue:2, serverValue:2}] to localhost:27017
2020-01-24 10:30:36.464  INFO 10216 --- [cluster-ClusterId{value='5e2a56cc319b2e690da0c383', description='null'}-localhost:27017] org.mongodb.driver.cluster               : Monitor thread successfully connected to server with description ServerDescription{address=localhost:27017, type=STANDALONE, state=CONNECTED, ok=true, version=ServerVersion{versionList=[4, 2, 1]}, minWireVersion=0, maxWireVersion=8, maxDocumentSize=16777216, logicalSessionTimeoutMinutes=30, roundTripTimeNanos=2971000}
2020-01-24 10:30:36.475  WARN 10216 --- [main] o.s.data.convert.CustomConversions       : Registering converter from class java.time.LocalDateTime to class java.time.Instant as reading converter although it doesn't convert from a store-supported type! You might wanna check you annotation setup at the converter implementation.
2020-01-24 10:30:36.476  WARN 10216 --- [main] o.s.data.convert.CustomConversions       : Registering converter from class java.time.Instant to class java.time.LocalDateTime as reading converter although it doesn't convert from a store-supported type! You might wanna check you annotation setup at the converter implementation.
2020-01-24 10:30:36.746  INFO 10216 --- [main] o.s.s.c.ThreadPoolTaskScheduler          : Initializing ExecutorService 'taskScheduler'
2020-01-24 10:30:36.941  INFO 10216 --- [main] o.s.b.w.embedded.tomcat.TomcatWebServer  : Tomcat started on port(s): 8081 (http) with context path ''
2020-01-24 10:30:36.950  INFO 10216 --- [main] com.example.virus.VirusApplication       : Started VirusApplication in 9.522 seconds (JVM running for 10.776)
2020-01-24 12:13:40.885  INFO 200 --- [main] com.example.virus.VirusApplication       : Starting VirusApplication on DESKTOP-C2N1ASG with PID 200 (D:\source\virus\virus\out\production\classes started by 17680 in D:\source\virus\virus)
2020-01-24 12:13:40.890  INFO 200 --- [main] com.example.virus.VirusApplication       : No active profile set, falling back to default profiles: default
2020-01-24 12:13:41.631  INFO 200 --- [main] .s.d.r.c.RepositoryConfigurationDelegate : Bootstrapping Spring Data repositories in DEFAULT mode.
2020-01-24 12:13:41.659  INFO 200 --- [main] .s.d.r.c.RepositoryConfigurationDelegate : Finished Spring Data repository scanning in 16ms. Found 0 repository interfaces.
2020-01-24 12:13:44.362  INFO 200 --- [main] o.s.b.w.embedded.tomcat.TomcatWebServer  : Tomcat initialized with port(s): 8081 (http)
2020-01-24 12:13:44.402  INFO 200 --- [main] o.apache.catalina.core.StandardService   : Starting service [Tomcat]
2020-01-24 12:13:44.403  INFO 200 --- [main] org.apache.catalina.core.StandardEngine  : Starting Servlet engine: [Apache Tomcat/9.0.26]
2020-01-24 12:13:44.419  INFO 200 --- [main] o.a.catalina.core.AprLifecycleListener   : Loaded APR based Apache Tomcat Native library [1.2.23] using APR version [1.7.0].
2020-01-24 12:13:44.419  INFO 200 --- [main] o.a.catalina.core.AprLifecycleListener   : APR capabilities: IPv6 [true], sendfile [true], accept filters [false], random [true].
2020-01-24 12:13:44.420  INFO 200 --- [main] o.a.catalina.core.AprLifecycleListener   : APR/OpenSSL configuration: useAprConnector [false], useOpenSSL [true]
2020-01-24 12:13:44.425  INFO 200 --- [main] o.a.catalina.core.AprLifecycleListener   : OpenSSL successfully initialized [OpenSSL 1.1.1c  28 May 2019]
2020-01-24 12:13:44.614  INFO 200 --- [main] o.a.c.c.C.[Tomcat].[localhost].[/]       : Initializing Spring embedded WebApplicationContext
2020-01-24 12:13:44.614  INFO 200 --- [main] o.s.web.context.ContextLoader            : Root WebApplicationContext: initialization completed in 3664 ms
2020-01-24 12:13:44.940  INFO 200 --- [main] org.mongodb.driver.cluster               : Cluster created with settings {hosts=[localhost:27017], mode=SINGLE, requiredClusterType=UNKNOWN, serverSelectionTimeout='30000 ms', maxWaitQueueSize=500}
2020-01-24 12:13:44.994  INFO 200 --- [cluster-ClusterId{value='5e2a6ef8f3ff2e665f392d17', description='null'}-localhost:27017] org.mongodb.driver.connection            : Opened connection [connectionId{localValue:1, serverValue:3}] to localhost:27017
2020-01-24 12:13:45.001  INFO 200 --- [cluster-ClusterId{value='5e2a6ef8f3ff2e665f392d17', description='null'}-localhost:27017] org.mongodb.driver.cluster               : Monitor thread successfully connected to server with description ServerDescription{address=localhost:27017, type=STANDALONE, state=CONNECTED, ok=true, version=ServerVersion{versionList=[4, 2, 1]}, minWireVersion=0, maxWireVersion=8, maxDocumentSize=16777216, logicalSessionTimeoutMinutes=30, roundTripTimeNanos=3033800}
2020-01-24 12:13:45.074  WARN 200 --- [main] o.s.data.convert.CustomConversions       : Registering converter from class java.time.LocalDateTime to class java.time.Instant as reading converter although it doesn't convert from a store-supported type! You might wanna check you annotation setup at the converter implementation.
2020-01-24 12:13:45.075  WARN 200 --- [main] o.s.data.convert.CustomConversions       : Registering converter from class java.time.Instant to class java.time.LocalDateTime as reading converter although it doesn't convert from a store-supported type! You might wanna check you annotation setup at the converter implementation.
2020-01-24 12:13:45.492  INFO 200 --- [main] o.s.s.concurrent.ThreadPoolTaskExecutor  : Initializing ExecutorService 'applicationTaskExecutor'
2020-01-24 12:13:45.665  INFO 200 --- [main] org.mongodb.driver.cluster               : Cluster created with settings {hosts=[localhost:27017], mode=SINGLE, requiredClusterType=UNKNOWN, serverSelectionTimeout='30000 ms', maxWaitQueueSize=500}
2020-01-24 12:13:45.671  INFO 200 --- [cluster-ClusterId{value='5e2a6ef9f3ff2e665f392d18', description='null'}-localhost:27017] org.mongodb.driver.connection            : Opened connection [connectionId{localValue:2, serverValue:4}] to localhost:27017
2020-01-24 12:13:45.672  INFO 200 --- [cluster-ClusterId{value='5e2a6ef9f3ff2e665f392d18', description='null'}-localhost:27017] org.mongodb.driver.cluster               : Monitor thread successfully connected to server with description ServerDescription{address=localhost:27017, type=STANDALONE, state=CONNECTED, ok=true, version=ServerVersion{versionList=[4, 2, 1]}, minWireVersion=0, maxWireVersion=8, maxDocumentSize=16777216, logicalSessionTimeoutMinutes=30, roundTripTimeNanos=1086700}
2020-01-24 12:13:45.683  WARN 200 --- [main] o.s.data.convert.CustomConversions       : Registering converter from class java.time.LocalDateTime to class java.time.Instant as reading converter although it doesn't convert from a store-supported type! You might wanna check you annotation setup at the converter implementation.
2020-01-24 12:13:45.684  WARN 200 --- [main] o.s.data.convert.CustomConversions       : Registering converter from class java.time.Instant to class java.time.LocalDateTime as reading converter although it doesn't convert from a store-supported type! You might wanna check you annotation setup at the converter implementation.
2020-01-24 12:13:45.714  WARN 200 --- [main] o.s.data.convert.CustomConversions       : Registering converter from class java.time.LocalDateTime to class java.time.Instant as reading converter although it doesn't convert from a store-supported type! You might wanna check you annotation setup at the converter implementation.
2020-01-24 12:13:45.715  WARN 200 --- [main] o.s.data.convert.CustomConversions       : Registering converter from class java.time.Instant to class java.time.LocalDateTime as reading converter although it doesn't convert from a store-supported type! You might wanna check you annotation setup at the converter implementation.
2020-01-24 12:13:45.834  INFO 200 --- [main] o.s.s.c.ThreadPoolTaskScheduler          : Initializing ExecutorService 'taskScheduler'
2020-01-24 12:13:45.950  INFO 200 --- [main] o.s.b.w.embedded.tomcat.TomcatWebServer  : Tomcat started on port(s): 8081 (http) with context path ''
2020-01-24 12:13:45.958  INFO 200 --- [main] com.example.virus.VirusApplication       : Started VirusApplication in 5.643 seconds (JVM running for 6.292)
2020-01-24 12:13:47.044  INFO 200 --- [scheduling-1] org.mongodb.driver.connection            : Opened connection [connectionId{localValue:3, serverValue:5}] to localhost:27017
